<?xml version="1.0" encoding="UTF-8" ?>
<testsuite errors="0" failures="0" hostname="dev-alan" name="net.alanbrazil.samples.test.CalculadoraTest" skipped="0" tests="2" time="0.133" timestamp="2015-01-21T14:46:35">
  <properties>
[...]
</properties>
  <testcase classname="net.alanbrazil.samples.test.CalculadoraTest" name="soma" time="0.008" />
  <testcase classname="net.alanbrazil.samples.test.CalculadoraTest" name="substracao" time="0.001" />
  <system-out><![CDATA[]]></system-out>
  <system-err><![CDATA[]]></system-err>
</testsuite>
